::1 - - [20/Jan/2023:19:40:52 +0000] "GET / HTTP/1.1" 304 -
::1 - - [20/Jan/2023:19:40:52 +0000] "GET /stylesheets/style.css HTTP/1.1" 304 -
::1 - - [20/Jan/2023:19:40:57 +0000] "GET /api/add_cookie HTTP/1.1" 302 46
::1 - - [20/Jan/2023:19:40:57 +0000] "GET / HTTP/1.1" 304 -
::1 - - [20/Jan/2023:19:40:57 +0000] "GET /stylesheets/style.css HTTP/1.1" 304 -
::1 - - [20/Jan/2023:19:42:00 +0000] "GET / HTTP/1.1" 304 -
::1 - - [20/Jan/2023:19:42:00 +0000] "GET /stylesheets/style.css HTTP/1.1" 304 -
::1 - - [20/Jan/2023:19:42:08 +0000] "GET /api/add_cookie HTTP/1.1" 302 46
::1 - - [20/Jan/2023:19:42:08 +0000] "GET / HTTP/1.1" 304 -
::1 - - [20/Jan/2023:19:42:08 +0000] "GET /stylesheets/style.css HTTP/1.1" 304 -
::1 - - [20/Jan/2023:19:45:51 +0000] "GET /api/add_cookie HTTP/1.1" 302 46
::1 - - [20/Jan/2023:19:45:51 +0000] "GET / HTTP/1.1" 304 -
::1 - - [20/Jan/2023:19:45:51 +0000] "GET /stylesheets/style.css HTTP/1.1" 304 -
::1 - - [20/Jan/2023:19:46:10 +0000] "GET / HTTP/1.1" 304 -
::1 - - [20/Jan/2023:19:46:10 +0000] "GET /stylesheets/style.css HTTP/1.1" 304 -
::1 - - [20/Jan/2023:19:46:15 +0000] "GET /api/add_cookie HTTP/1.1" 500 46
::1 - - [20/Jan/2023:19:46:15 +0000] "GET / HTTP/1.1" 304 -
::1 - - [20/Jan/2023:19:46:15 +0000] "GET /stylesheets/style.css HTTP/1.1" 304 -
::1 - - [20/Jan/2023:19:46:29 +0000] "GET / HTTP/1.1" 304 -
::1 - - [20/Jan/2023:19:46:29 +0000] "GET /stylesheets/style.css HTTP/1.1" 304 -
::1 - - [20/Jan/2023:19:46:54 +0000] "GET / HTTP/1.1" 304 -
::1 - - [20/Jan/2023:19:46:54 +0000] "GET /stylesheets/style.css HTTP/1.1" 304 -
::1 - - [20/Jan/2023:19:46:57 +0000] "GET /api/add_cookie HTTP/1.1" 500 46
::ffff:127.0.0.1 - - [20/Jan/2023:19:46:57 +0000] "GET / HTTP/1.1" 304 -
::ffff:127.0.0.1 - - [20/Jan/2023:19:46:57 +0000] "GET /stylesheets/style.css HTTP/1.1" 304 -
::1 - - [20/Jan/2023:19:47:26 +0000] "GET / HTTP/1.1" 304 -
::1 - - [20/Jan/2023:19:47:26 +0000] "GET /stylesheets/style.css HTTP/1.1" 304 -
::1 - - [20/Jan/2023:19:47:31 +0000] "GET /api/add_cookie HTTP/1.1" 500 1052
::1 - - [20/Jan/2023:19:47:47 +0000] "GET /api/add_cookie HTTP/1.1" 404 978
::1 - - [20/Jan/2023:19:47:50 +0000] "GET / HTTP/1.1" 304 -
::1 - - [20/Jan/2023:19:47:50 +0000] "GET /stylesheets/style.css HTTP/1.1" 304 -
::1 - - [20/Jan/2023:19:47:54 +0000] "GET /api/add_cookie HTTP/1.1" 404 978
::1 - - [20/Jan/2023:19:48:29 +0000] "GET /api/add_cookie HTTP/1.1" 404 978
::1 - - [20/Jan/2023:19:50:02 +0000] "GET /api/add_cookie HTTP/1.1" 404 978
::1 - - [20/Jan/2023:19:50:04 +0000] "GET /api/add_cookie HTTP/1.1" 404 978
::1 - - [20/Jan/2023:19:50:27 +0000] "GET /api/add_cookie HTTP/1.1" 404 153
::1 - - [20/Jan/2023:19:50:48 +0000] "GET /api/add_cookie HTTP/1.1" 404 978
::1 - - [20/Jan/2023:19:50:57 +0000] "GET /api/add_cookie HTTP/1.1" 404 978
::1 - - [20/Jan/2023:19:51:16 +0000] "GET /api/add_cookie HTTP/1.1" 302 46
::1 - - [20/Jan/2023:19:51:16 +0000] "GET / HTTP/1.1" 304 -
::1 - - [20/Jan/2023:19:51:16 +0000] "GET /stylesheets/style.css HTTP/1.1" 304 -
::1 - - [20/Jan/2023:19:52:25 +0000] "GET / HTTP/1.1" 304 -
::1 - - [20/Jan/2023:19:52:25 +0000] "GET /stylesheets/style.css HTTP/1.1" 304 -
::1 - - [20/Jan/2023:19:52:32 +0000] "GET / HTTP/1.1" 304 -
::1 - - [20/Jan/2023:19:52:32 +0000] "GET /stylesheets/style.css HTTP/1.1" 304 -
::1 - - [20/Jan/2023:19:52:34 +0000] "GET /api/trigger_session HTTP/1.1" 404 978
::1 - - [20/Jan/2023:19:52:37 +0000] "GET /api/add_cookie HTTP/1.1" 404 978
::1 - - [20/Jan/2023:19:53:13 +0000] "GET /api/add_cookie HTTP/1.1" 404 978
::ffff:127.0.0.1 - - [20/Jan/2023:19:53:14 +0000] "GET /api/add_cookie HTTP/1.1" 404 978
::1 - - [20/Jan/2023:19:53:26 +0000] "GET /api/add_cookie HTTP/1.1" 404 978
::1 - - [20/Jan/2023:19:53:29 +0000] "GET / HTTP/1.1" 304 -
::1 - - [20/Jan/2023:19:53:29 +0000] "GET /stylesheets/style.css HTTP/1.1" 304 -
::1 - - [20/Jan/2023:19:54:19 +0000] "GET /api/add_cookie HTTP/1.1" 404 978
::1 - - [20/Jan/2023:19:54:57 +0000] "GET /api/add_cookie HTTP/1.1" - -
::1 - - [20/Jan/2023:19:54:58 +0000] "GET /api/add_cookie HTTP/1.1" - -
::1 - - [20/Jan/2023:19:55:09 +0000] "GET /api/add_cookie HTTP/1.1" - -
::1 - - [20/Jan/2023:19:55:09 +0000] "GET / HTTP/1.1" 304 -
::1 - - [20/Jan/2023:19:55:09 +0000] "GET /stylesheets/style.css HTTP/1.1" 304 -
::1 - - [20/Jan/2023:19:55:10 +0000] "GET /google HTTP/1.1" 302 0
::1 - - [20/Jan/2023:19:55:14 +0000] "GET /google/callback?code=4%2F0AWgavddivJZZhdWXoBJXi9KDYwNqLHojbQJSRIc0wtKWsQ6rKfpzo0znXSReNffPI2d22A&scope=email+profile+https%3A%2F%2Fwww.googleapis.com%2Fauth%2Fuserinfo.profile+https%3A%2F%2Fwww.googleapis.com%2Fauth%2Fuserinfo.email+openid&authuser=0&prompt=consent HTTP/1.1" 302 60
::1 - - [20/Jan/2023:19:55:14 +0000] "GET /profile HTTP/1.1" 304 -
::1 - - [20/Jan/2023:19:55:14 +0000] "GET /stylesheets/style.css HTTP/1.1" 304 -
::1 - - [20/Jan/2023:19:55:17 +0000] "GET /exports/csv HTTP/1.1" 200 33
::1 - - [20/Jan/2023:19:55:20 +0000] "GET /exports/csv-20230120095516.csv HTTP/1.1" 200 307
::1 - - [20/Jan/2023:19:55:29 +0000] "GET /logout HTTP/1.1" 302 46
::1 - - [20/Jan/2023:19:55:29 +0000] "GET / HTTP/1.1" 304 -
::1 - - [20/Jan/2023:19:55:29 +0000] "GET /stylesheets/style.css HTTP/1.1" 304 -
::1 - - [20/Jan/2023:19:55:31 +0000] "GET /google HTTP/1.1" 302 0
::1 - - [20/Jan/2023:19:55:34 +0000] "GET /google/callback?code=4%2F0AWgavdeTN9Gk6kIiBv393u1iF9MFaOMqtIqLhk2xPnUEo2c-4KC_DSqUfuQtqzUeZEMYqw&scope=email+profile+https%3A%2F%2Fwww.googleapis.com%2Fauth%2Fuserinfo.profile+https%3A%2F%2Fwww.googleapis.com%2Fauth%2Fuserinfo.email+openid&authuser=0&prompt=consent HTTP/1.1" 302 60
::1 - - [20/Jan/2023:19:55:34 +0000] "GET /profile HTTP/1.1" 304 -
::1 - - [20/Jan/2023:19:55:34 +0000] "GET /stylesheets/style.css HTTP/1.1" 304 -
::ffff:127.0.0.1 - - [20/Jan/2023:19:55:47 +0000] "GET /api/add_cookie HTTP/1.1" 404 978
::ffff:127.0.0.1 - - [20/Jan/2023:19:55:51 +0000] "GET /api/add_cookie HTTP/1.1" 404 978
::1 - - [20/Jan/2023:19:56:45 +0000] "GET /api/add_cookie HTTP/1.1" 404 978
::1 - - [20/Jan/2023:19:56:46 +0000] "GET /api/add_cookie HTTP/1.1" 404 978
::1 - - [20/Jan/2023:19:56:59 +0000] "GET /api/add_cookie HTTP/1.1" 302 46
::1 - - [20/Jan/2023:19:56:59 +0000] "GET / HTTP/1.1" 304 -
::1 - - [20/Jan/2023:19:56:59 +0000] "GET /stylesheets/style.css HTTP/1.1" 304 -
::1 - - [20/Jan/2023:19:57:03 +0000] "GET /api/trigger_session HTTP/1.1" 302 46
::1 - - [20/Jan/2023:19:57:03 +0000] "GET / HTTP/1.1" 304 -
::1 - - [20/Jan/2023:19:57:03 +0000] "GET /stylesheets/style.css HTTP/1.1" 304 -
::1 - - [20/Jan/2023:19:57:13 +0000] "GET /api/add_cookie HTTP/1.1" 302 46
::1 - - [20/Jan/2023:19:57:13 +0000] "GET / HTTP/1.1" 304 -
::1 - - [20/Jan/2023:19:57:13 +0000] "GET /stylesheets/style.css HTTP/1.1" 304 -
::1 - - [20/Jan/2023:19:57:30 +0000] "GET / HTTP/1.1" 304 -
::1 - - [20/Jan/2023:19:57:30 +0000] "GET /stylesheets/style.css HTTP/1.1" 304 -
::1 - - [20/Jan/2023:19:57:40 +0000] "GET /api/add_cookie HTTP/1.1" - -
::1 - - [20/Jan/2023:19:58:53 +0000] "GET / HTTP/1.1" 304 -
::1 - - [20/Jan/2023:19:58:53 +0000] "GET /stylesheets/style.css HTTP/1.1" 304 -
::1 - - [20/Jan/2023:20:00:11 +0000] "GET / HTTP/1.1" 200 2616
::1 - - [20/Jan/2023:20:00:11 +0000] "GET /stylesheets/style.css HTTP/1.1" 304 -
::1 - - [20/Jan/2023:20:00:17 +0000] "GET /api/add_cookie HTTP/1.1" 200 19
::1 - - [20/Jan/2023:20:00:25 +0000] "GET /api/trigger_session HTTP/1.1" - -
::1 - - [20/Jan/2023:20:02:43 +0000] "GET /api/trigger_session HTTP/1.1" 200 47
::1 - - [20/Jan/2023:20:04:02 +0000] "GET /api/trigger_session HTTP/1.1" 200 51
::1 - - [20/Jan/2023:20:04:13 +0000] "GET /api/trigger_session HTTP/1.1" 200 30
::1 - - [20/Jan/2023:20:05:21 +0000] "GET /api/trigger_session HTTP/1.1" 200 53
